<?xml version="1.0" encoding="UTF-8"?>
<!-- Generated by org.testng.reporters.JUnitXMLReporter -->
<testsuite ignored="0" hostname="DESKTOP-S28FG7M" failures="1" tests="1" name="Test" time="7.685" errors="0" timestamp="2023-11-30T14:00:54 IST">
  <testcase classname="TestCaseFile.TestCase1" name="loginPage" time="0.0">
    <failure type="java.lang.RuntimeException" message="java.lang.NullPointerException: Cannot invoke &amp;quot;org.apache.poi.xssf.usermodel.XSSFCell.getStringCellValue()&amp;quot; because &amp;quot;UtilitiesFIle.ReadDataFromExcel.Cl&amp;quot; is null">
      <![CDATA[java.lang.RuntimeException: java.lang.NullPointerException: Cannot invoke "org.apache.poi.xssf.usermodel.XSSFCell.getStringCellValue()" because "UtilitiesFIle.ReadDataFromExcel.Cl" is null
at java.base/java.util.ArrayList.forEach(ArrayList.java:1596)
Caused by: java.lang.NullPointerException: Cannot invoke "org.apache.poi.xssf.usermodel.XSSFCell.getStringCellValue()" because "UtilitiesFIle.ReadDataFromExcel.Cl" is null
at UtilitiesFIle.ReadDataFromExcel.getCellvalue(ReadDataFromExcel.java:23)
at TestCaseFile.TestCase1.searchData(TestCase1.java:35)
... 29 more
... Removed 34 stack frames]]>
    </failure>
  </testcase> <!-- loginPage -->
</testsuite> <!-- Test -->
